-------------------------------------------------------------------------------
Test set: TestSuite
-------------------------------------------------------------------------------
Tests run: 3, Failures: 1, Errors: 0, Skipped: 0, Time elapsed: 19.704 s <<< FAILURE! - in TestSuite
Academy.validateTest.titleValidation  Time elapsed: 0.18 s  <<< FAILURE!
java.lang.AssertionError: expected [FEATURED COURSES1] but found [FEATURED COURSES]
	at Academy.validateTest.titleValidation(validateTest.java:31)

