<?xml version="1.0" encoding="UTF-8"?>
<testng-results ignored="0" total="2" passed="2" failed="0" skipped="0">
  <reporter-output>
  </reporter-output>
  <suite started-at="2022-02-12T18:30:04 IST" name="Default suite" finished-at="2022-02-12T18:30:04 IST" duration-ms="147">
    <groups>
    </groups>
    <test started-at="2022-02-12T18:30:04 IST" name="Default test" finished-at="2022-02-12T18:30:04 IST" duration-ms="147">
      <class name="pkg.AppiumTest">
        <test-method signature="AppiumTest1()[pri:0, instance:pkg.AppiumTest@3e6ef8ad]" started-at="2022-02-12T18:30:04 IST" name="AppiumTest1" finished-at="2022-02-12T18:30:04 IST" duration-ms="17" status="PASS">
          <reporter-output>
          </reporter-output>
        </test-method> <!-- AppiumTest1 -->
        <test-method signature="AppiumTest12()[pri:0, instance:pkg.AppiumTest@3e6ef8ad]" started-at="2022-02-12T18:30:04 IST" name="AppiumTest12" finished-at="2022-02-12T18:30:04 IST" duration-ms="3" status="PASS">
          <reporter-output>
          </reporter-output>
        </test-method> <!-- AppiumTest12 -->
      </class> <!-- pkg.AppiumTest -->
    </test> <!-- Default test -->
  </suite> <!-- Default suite -->
</testng-results>
