<?xml version="1.0" encoding="UTF-8"?>
<!-- Generated by org.testng.reporters.JUnitXMLReporter -->
<testsuite ignored="0" hostname="SLB-F3QB2X2" failures="0" tests="3" name="Test" time="21.665" errors="0" timestamp="2022-02-13T10:57:32 IST">
  <testcase classname="Academy.validateTest" name="titleValidation" time="0.109"/>
  <testcase classname="Academy.HomePage" name="basePageNavigation" time="8.214"/>
  <testcase classname="Academy.HomePage" name="basePageNavigation" time="1.663"/>
</testsuite> <!-- Test -->
