<?xml version="1.0" encoding="UTF-8"?>
<!-- Generated by org.testng.reporters.JUnitXMLReporter -->
<testsuite ignored="0" hostname="SLB-F3QB2X2" failures="0" tests="4" name="Test" time="0.044" errors="0" timestamp="2022-01-29T15:38:34 IST">
  <testcase classname="pkg.AppiumTest" name="AppiumTest1" time="0.005"/>
  <testcase classname="pkg.AppiumTest" name="AppiumTest12" time="0.001"/>
  <testcase classname="pkg.RestAssuredTest" name="RestAsuured1" time="0.0"/>
  <testcase classname="pkg.RestAssuredTest" name="RestAsuured2" time="0.0"/>
</testsuite> <!-- Test -->
