<?xml version="1.0" encoding="UTF-8"?>
<testng-results ignored="0" total="4" passed="4" failed="0" skipped="0">
  <reporter-output>
  </reporter-output>
  <suite started-at="2022-01-29T15:38:34 IST" name="Suite" finished-at="2022-01-29T15:38:34 IST" duration-ms="44">
    <groups>
    </groups>
    <test started-at="2022-01-29T15:38:34 IST" name="Test" finished-at="2022-01-29T15:38:34 IST" duration-ms="44">
      <class name="pkg.AppiumTest">
        <test-method signature="AppiumTest1()[pri:0, instance:pkg.AppiumTest@a4102b8]" started-at="2022-01-29T15:38:34 IST" name="AppiumTest1" finished-at="2022-01-29T15:38:34 IST" duration-ms="5" status="PASS">
          <reporter-output>
          </reporter-output>
        </test-method> <!-- AppiumTest1 -->
        <test-method signature="AppiumTest12()[pri:0, instance:pkg.AppiumTest@a4102b8]" started-at="2022-01-29T15:38:34 IST" name="AppiumTest12" finished-at="2022-01-29T15:38:34 IST" duration-ms="1" status="PASS">
          <reporter-output>
          </reporter-output>
        </test-method> <!-- AppiumTest12 -->
      </class> <!-- pkg.AppiumTest -->
      <class name="pkg.RestAssuredTest">
        <test-method signature="RestAsuured1()[pri:0, instance:pkg.RestAssuredTest@527e5409]" started-at="2022-01-29T15:38:34 IST" name="RestAsuured1" finished-at="2022-01-29T15:38:34 IST" duration-ms="0" status="PASS">
          <reporter-output>
          </reporter-output>
        </test-method> <!-- RestAsuured1 -->
        <test-method signature="RestAsuured2()[pri:0, instance:pkg.RestAssuredTest@527e5409]" started-at="2022-01-29T15:38:34 IST" name="RestAsuured2" finished-at="2022-01-29T15:38:34 IST" duration-ms="0" status="PASS">
          <reporter-output>
          </reporter-output>
        </test-method> <!-- RestAsuured2 -->
      </class> <!-- pkg.RestAssuredTest -->
    </test> <!-- Test -->
  </suite> <!-- Suite -->
</testng-results>
