<?xml version="1.0" encoding="UTF-8"?>
<!-- Generated by org.testng.reporters.JUnitXMLReporter -->
<testsuite ignored="2" hostname="SLB-F3QB2X2" failures="0" tests="3" name="Test1" time="0.01" errors="0" timestamp="2022-01-23T17:45:39 IST">
  <testcase classname="test.Sec19_139_testNG3" name="AppLoginCarLoan" time="0.002"/>
  <testcase classname="test.Sec19_139_testNG3" name="test5" time="0.001"/>
  <testcase classname="test.Sec19_139_testNG3" name="webLoginCarLoan" time="0.001"/>
  <testcase classname="test.Sec19_139_testNG3" name="mobileLoginCarLoan" time="0.0">
    <ignored/>
  </testcase> <!-- mobileLoginCarLoan -->
  <testcase classname="test.Sec19_139_testNG3" name="mobileLoginCarLoan1" time="0.0">
    <ignored/>
  </testcase> <!-- mobileLoginCarLoan1 -->
</testsuite> <!-- Test1 -->
